WARNING: failed to select UTF-8 encoding, using ASCII
ERROR: LoadError: ArgumentError: Cannot open '12_Grover_gates_data.txt': not a file
Stacktrace:
 [1] readdlm_auto(input::String, dlm::Char, T::Type, eol::Char, auto::Bool; opts::Base.Pairs{Symbol, Union{}, Tuple{}, NamedTuple{(), Tuple{}}})
   @ DelimitedFiles /opt/ohpc/pub/packages/julia/1.7.2/share/julia/stdlib/v1.7/DelimitedFiles/src/DelimitedFiles.jl:234
 [2] readdlm_auto
   @ /opt/ohpc/pub/packages/julia/1.7.2/share/julia/stdlib/v1.7/DelimitedFiles/src/DelimitedFiles.jl:234 [inlined]
 [3] #readdlm#5
   @ /opt/ohpc/pub/packages/julia/1.7.2/share/julia/stdlib/v1.7/DelimitedFiles/src/DelimitedFiles.jl:170 [inlined]
 [4] readdlm
   @ /opt/ohpc/pub/packages/julia/1.7.2/share/julia/stdlib/v1.7/DelimitedFiles/src/DelimitedFiles.jl:170 [inlined]
 [5] #readdlm#3
   @ /opt/ohpc/pub/packages/julia/1.7.2/share/julia/stdlib/v1.7/DelimitedFiles/src/DelimitedFiles.jl:118 [inlined]
 [6] readdlm(input::String)
   @ DelimitedFiles /opt/ohpc/pub/packages/julia/1.7.2/share/julia/stdlib/v1.7/DelimitedFiles/src/DelimitedFiles.jl:118
 [7] top-level scope
   @ ~/grover-Julia/build/level_statistics_10/level_stat_Grover.jl:8
in expression starting at /home/sxd190113/grover-Julia/build/level_statistics_10/level_stat_Grover.jl:8

real	0m9.094s
user	0m2.618s
sys	0m0.767s
